digraph Tree {
node [shape=box, style="filled, rounded", color="black", fontname=helvetica] ;
edge [fontname=helvetica] ;
0 [label="boat <= 0.5\ngini = 0.47\nsamples = 1048\nvalue = [645, 403]", fillcolor="#e5813960"] ;
1 [label="sex <= 0.5\ngini = 0.06\nsamples = 661\nvalue = [640, 21]", fillcolor="#e58139f7"] ;
0 -> 1 [labeldistance=2.5, labelangle=45, headlabel="True"] ;
2 [label="embarked <= 1.5\ngini = 0.01\nsamples = 537\nvalue = [535, 2]", fillcolor="#e58139fe"] ;
1 -> 2 ;
3 [label="gini = 0.0\nsamples = 492\nvalue = [492, 0]", fillcolor="#e58139ff"] ;
2 -> 3 ;
4 [label="gini = 0.08\nsamples = 45\nvalue = [43, 2]", fillcolor="#e58139f3"] ;
2 -> 4 ;
5 [label="fare <= 7.26\ngini = 0.26\nsamples = 124\nvalue = [105, 19]", fillcolor="#e58139d1"] ;
1 -> 5 ;
6 [label="gini = 0.0\nsamples = 2\nvalue = [0, 2]", fillcolor="#399de5ff"] ;
5 -> 6 ;
7 [label="gini = 0.24\nsamples = 122\nvalue = [105, 17]", fillcolor="#e58139d6"] ;
5 -> 7 ;
8 [label="fare <= 7.37\ngini = 0.03\nsamples = 387\nvalue = [5, 382]", fillcolor="#399de5fc"] ;
0 -> 8 [labeldistance=2.5, labelangle=-45, headlabel="False"] ;
9 [label="fare <= 7.24\ngini = 0.19\nsamples = 19\nvalue = [2, 17]", fillcolor="#399de5e1"] ;
8 -> 9 ;
10 [label="gini = 0.0\nsamples = 16\nvalue = [0, 16]", fillcolor="#399de5ff"] ;
9 -> 10 ;
11 [label="gini = 0.44\nsamples = 3\nvalue = [2, 1]", fillcolor="#e581397f"] ;
9 -> 11 ;
12 [label="sex <= 0.5\ngini = 0.02\nsamples = 368\nvalue = [3, 365]", fillcolor="#399de5fd"] ;
8 -> 12 ;
13 [label="gini = 0.05\nsamples = 117\nvalue = [3, 114]", fillcolor="#399de5f8"] ;
12 -> 13 ;
14 [label="gini = 0.0\nsamples = 251\nvalue = [0, 251]", fillcolor="#399de5ff"] ;
12 -> 14 ;
}